0 info it worked if it ends with ok
1 verbose cli [
1 verbose cli   'C:\\Program Files\\nodejs\\node.exe',
1 verbose cli   'C:\\Users\\SATHURJAN\\node_modules\\npm\\bin\\npm-cli.js',
1 verbose cli   'outdated',
1 verbose cli   '--json'
1 verbose cli ]
2 info using npm@2.15.12
3 info using node@v22.12.0
4 silly mapToRegistry name @emotion/react
5 silly mapToRegistry scope (from package name) @emotion
6 verbose mapToRegistry no registry URL found in name for scope @emotion
7 silly mapToRegistry using default registry
8 silly mapToRegistry registry https://registry.npmjs.org/
9 silly mapToRegistry data Result {
9 silly mapToRegistry   raw: '@emotion/react',
9 silly mapToRegistry   scope: '@emotion',
9 silly mapToRegistry   name: '@emotion/react',
9 silly mapToRegistry   rawSpec: '',
9 silly mapToRegistry   spec: 'latest',
9 silly mapToRegistry   type: 'tag'
9 silly mapToRegistry }
10 silly mapToRegistry uri https://registry.npmjs.org/@emotion%2freact
11 silly mapToRegistry name @emotion/styled
12 silly mapToRegistry scope (from package name) @emotion
13 verbose mapToRegistry no registry URL found in name for scope @emotion
14 silly mapToRegistry using default registry
15 silly mapToRegistry registry https://registry.npmjs.org/
16 silly mapToRegistry data Result {
16 silly mapToRegistry   raw: '@emotion/styled',
16 silly mapToRegistry   scope: '@emotion',
16 silly mapToRegistry   name: '@emotion/styled',
16 silly mapToRegistry   rawSpec: '',
16 silly mapToRegistry   spec: 'latest',
16 silly mapToRegistry   type: 'tag'
16 silly mapToRegistry }
17 silly mapToRegistry uri https://registry.npmjs.org/@emotion%2fstyled
18 silly mapToRegistry name @mui/icons-material
19 silly mapToRegistry scope (from package name) @mui
20 verbose mapToRegistry no registry URL found in name for scope @mui
21 silly mapToRegistry using default registry
22 silly mapToRegistry registry https://registry.npmjs.org/
23 silly mapToRegistry data Result {
23 silly mapToRegistry   raw: '@mui/icons-material',
23 silly mapToRegistry   scope: '@mui',
23 silly mapToRegistry   name: '@mui/icons-material',
23 silly mapToRegistry   rawSpec: '',
23 silly mapToRegistry   spec: 'latest',
23 silly mapToRegistry   type: 'tag'
23 silly mapToRegistry }
24 silly mapToRegistry uri https://registry.npmjs.org/@mui%2ficons-material
25 silly mapToRegistry name @mui/lab
26 silly mapToRegistry scope (from package name) @mui
27 verbose mapToRegistry no registry URL found in name for scope @mui
28 silly mapToRegistry using default registry
29 silly mapToRegistry registry https://registry.npmjs.org/
30 silly mapToRegistry data Result {
30 silly mapToRegistry   raw: '@mui/lab',
30 silly mapToRegistry   scope: '@mui',
30 silly mapToRegistry   name: '@mui/lab',
30 silly mapToRegistry   rawSpec: '',
30 silly mapToRegistry   spec: 'latest',
30 silly mapToRegistry   type: 'tag'
30 silly mapToRegistry }
31 silly mapToRegistry uri https://registry.npmjs.org/@mui%2flab
32 silly mapToRegistry name @mui/material
33 silly mapToRegistry scope (from package name) @mui
34 verbose mapToRegistry no registry URL found in name for scope @mui
35 silly mapToRegistry using default registry
36 silly mapToRegistry registry https://registry.npmjs.org/
37 silly mapToRegistry data Result {
37 silly mapToRegistry   raw: '@mui/material',
37 silly mapToRegistry   scope: '@mui',
37 silly mapToRegistry   name: '@mui/material',
37 silly mapToRegistry   rawSpec: '',
37 silly mapToRegistry   spec: 'latest',
37 silly mapToRegistry   type: 'tag'
37 silly mapToRegistry }
38 silly mapToRegistry uri https://registry.npmjs.org/@mui%2fmaterial
39 silly mapToRegistry name @mui/x-data-grid
40 silly mapToRegistry scope (from package name) @mui
41 verbose mapToRegistry no registry URL found in name for scope @mui
42 silly mapToRegistry using default registry
43 silly mapToRegistry registry https://registry.npmjs.org/
44 silly mapToRegistry data Result {
44 silly mapToRegistry   raw: '@mui/x-data-grid',
44 silly mapToRegistry   scope: '@mui',
44 silly mapToRegistry   name: '@mui/x-data-grid',
44 silly mapToRegistry   rawSpec: '',
44 silly mapToRegistry   spec: 'latest',
44 silly mapToRegistry   type: 'tag'
44 silly mapToRegistry }
45 silly mapToRegistry uri https://registry.npmjs.org/@mui%2fx-data-grid
46 silly mapToRegistry name @refinedev/cli
47 silly mapToRegistry scope (from package name) @refinedev
48 verbose mapToRegistry no registry URL found in name for scope @refinedev
49 silly mapToRegistry using default registry
50 silly mapToRegistry registry https://registry.npmjs.org/
51 silly mapToRegistry data Result {
51 silly mapToRegistry   raw: '@refinedev/cli',
51 silly mapToRegistry   scope: '@refinedev',
51 silly mapToRegistry   name: '@refinedev/cli',
51 silly mapToRegistry   rawSpec: '',
51 silly mapToRegistry   spec: 'latest',
51 silly mapToRegistry   type: 'tag'
51 silly mapToRegistry }
52 silly mapToRegistry uri https://registry.npmjs.org/@refinedev%2fcli
53 silly mapToRegistry name @refinedev/core
54 silly mapToRegistry scope (from package name) @refinedev
55 verbose mapToRegistry no registry URL found in name for scope @refinedev
56 silly mapToRegistry using default registry
57 silly mapToRegistry registry https://registry.npmjs.org/
58 silly mapToRegistry data Result {
58 silly mapToRegistry   raw: '@refinedev/core',
58 silly mapToRegistry   scope: '@refinedev',
58 silly mapToRegistry   name: '@refinedev/core',
58 silly mapToRegistry   rawSpec: '',
58 silly mapToRegistry   spec: 'latest',
58 silly mapToRegistry   type: 'tag'
58 silly mapToRegistry }
59 silly mapToRegistry uri https://registry.npmjs.org/@refinedev%2fcore
60 silly mapToRegistry name @refinedev/devtools
61 silly mapToRegistry scope (from package name) @refinedev
62 verbose mapToRegistry no registry URL found in name for scope @refinedev
63 silly mapToRegistry using default registry
64 silly mapToRegistry registry https://registry.npmjs.org/
65 silly mapToRegistry data Result {
65 silly mapToRegistry   raw: '@refinedev/devtools',
65 silly mapToRegistry   scope: '@refinedev',
65 silly mapToRegistry   name: '@refinedev/devtools',
65 silly mapToRegistry   rawSpec: '',
65 silly mapToRegistry   spec: 'latest',
65 silly mapToRegistry   type: 'tag'
65 silly mapToRegistry }
66 silly mapToRegistry uri https://registry.npmjs.org/@refinedev%2fdevtools
67 silly mapToRegistry name @refinedev/kbar
68 silly mapToRegistry scope (from package name) @refinedev
69 verbose mapToRegistry no registry URL found in name for scope @refinedev
70 silly mapToRegistry using default registry
71 silly mapToRegistry registry https://registry.npmjs.org/
72 silly mapToRegistry data Result {
72 silly mapToRegistry   raw: '@refinedev/kbar',
72 silly mapToRegistry   scope: '@refinedev',
72 silly mapToRegistry   name: '@refinedev/kbar',
72 silly mapToRegistry   rawSpec: '',
72 silly mapToRegistry   spec: 'latest',
72 silly mapToRegistry   type: 'tag'
72 silly mapToRegistry }
73 silly mapToRegistry uri https://registry.npmjs.org/@refinedev%2fkbar
74 silly mapToRegistry name @refinedev/mui
75 silly mapToRegistry scope (from package name) @refinedev
76 verbose mapToRegistry no registry URL found in name for scope @refinedev
77 silly mapToRegistry using default registry
78 silly mapToRegistry registry https://registry.npmjs.org/
79 silly mapToRegistry data Result {
79 silly mapToRegistry   raw: '@refinedev/mui',
79 silly mapToRegistry   scope: '@refinedev',
79 silly mapToRegistry   name: '@refinedev/mui',
79 silly mapToRegistry   rawSpec: '',
79 silly mapToRegistry   spec: 'latest',
79 silly mapToRegistry   type: 'tag'
79 silly mapToRegistry }
80 silly mapToRegistry uri https://registry.npmjs.org/@refinedev%2fmui
81 silly mapToRegistry name @refinedev/react-hook-form
82 silly mapToRegistry scope (from package name) @refinedev
83 verbose mapToRegistry no registry URL found in name for scope @refinedev
84 silly mapToRegistry using default registry
85 silly mapToRegistry registry https://registry.npmjs.org/
86 silly mapToRegistry data Result {
86 silly mapToRegistry   raw: '@refinedev/react-hook-form',
86 silly mapToRegistry   scope: '@refinedev',
86 silly mapToRegistry   name: '@refinedev/react-hook-form',
86 silly mapToRegistry   rawSpec: '',
86 silly mapToRegistry   spec: 'latest',
86 silly mapToRegistry   type: 'tag'
86 silly mapToRegistry }
87 silly mapToRegistry uri https://registry.npmjs.org/@refinedev%2freact-hook-form
88 silly mapToRegistry name @refinedev/react-router
89 silly mapToRegistry scope (from package name) @refinedev
90 verbose mapToRegistry no registry URL found in name for scope @refinedev
91 silly mapToRegistry using default registry
92 silly mapToRegistry registry https://registry.npmjs.org/
93 silly mapToRegistry data Result {
93 silly mapToRegistry   raw: '@refinedev/react-router',
93 silly mapToRegistry   scope: '@refinedev',
93 silly mapToRegistry   name: '@refinedev/react-router',
93 silly mapToRegistry   rawSpec: '',
93 silly mapToRegistry   spec: 'latest',
93 silly mapToRegistry   type: 'tag'
93 silly mapToRegistry }
94 silly mapToRegistry uri https://registry.npmjs.org/@refinedev%2freact-router
95 silly mapToRegistry name @refinedev/simple-rest
96 silly mapToRegistry scope (from package name) @refinedev
97 verbose mapToRegistry no registry URL found in name for scope @refinedev
98 silly mapToRegistry using default registry
99 silly mapToRegistry registry https://registry.npmjs.org/
100 silly mapToRegistry data Result {
100 silly mapToRegistry   raw: '@refinedev/simple-rest',
100 silly mapToRegistry   scope: '@refinedev',
100 silly mapToRegistry   name: '@refinedev/simple-rest',
100 silly mapToRegistry   rawSpec: '',
100 silly mapToRegistry   spec: 'latest',
100 silly mapToRegistry   type: 'tag'
100 silly mapToRegistry }
101 silly mapToRegistry uri https://registry.npmjs.org/@refinedev%2fsimple-rest
102 silly mapToRegistry name apexcharts
103 silly mapToRegistry using default registry
104 silly mapToRegistry registry https://registry.npmjs.org/
105 silly mapToRegistry data Result {
105 silly mapToRegistry   raw: 'apexcharts',
105 silly mapToRegistry   scope: null,
105 silly mapToRegistry   name: 'apexcharts',
105 silly mapToRegistry   rawSpec: '',
105 silly mapToRegistry   spec: 'latest',
105 silly mapToRegistry   type: 'tag'
105 silly mapToRegistry }
106 silly mapToRegistry uri https://registry.npmjs.org/apexcharts
107 silly mapToRegistry name axios
108 silly mapToRegistry using default registry
109 silly mapToRegistry registry https://registry.npmjs.org/
110 silly mapToRegistry data Result {
110 silly mapToRegistry   raw: 'axios',
110 silly mapToRegistry   scope: null,
110 silly mapToRegistry   name: 'axios',
110 silly mapToRegistry   rawSpec: '',
110 silly mapToRegistry   spec: 'latest',
110 silly mapToRegistry   type: 'tag'
110 silly mapToRegistry }
111 silly mapToRegistry uri https://registry.npmjs.org/axios
112 silly mapToRegistry name client
113 silly mapToRegistry using default registry
114 silly mapToRegistry registry https://registry.npmjs.org/
115 silly mapToRegistry data Result {
115 silly mapToRegistry   raw: 'client',
115 silly mapToRegistry   scope: null,
115 silly mapToRegistry   name: 'client',
115 silly mapToRegistry   rawSpec: '',
115 silly mapToRegistry   spec: 'latest',
115 silly mapToRegistry   type: 'tag'
115 silly mapToRegistry }
116 silly mapToRegistry uri https://registry.npmjs.org/client
117 silly mapToRegistry name react
118 silly mapToRegistry using default registry
119 silly mapToRegistry registry https://registry.npmjs.org/
120 silly mapToRegistry data Result {
120 silly mapToRegistry   raw: 'react',
120 silly mapToRegistry   scope: null,
120 silly mapToRegistry   name: 'react',
120 silly mapToRegistry   rawSpec: '',
120 silly mapToRegistry   spec: 'latest',
120 silly mapToRegistry   type: 'tag'
120 silly mapToRegistry }
121 silly mapToRegistry uri https://registry.npmjs.org/react
122 silly mapToRegistry name react-apexcharts
123 silly mapToRegistry using default registry
124 silly mapToRegistry registry https://registry.npmjs.org/
125 silly mapToRegistry data Result {
125 silly mapToRegistry   raw: 'react-apexcharts',
125 silly mapToRegistry   scope: null,
125 silly mapToRegistry   name: 'react-apexcharts',
125 silly mapToRegistry   rawSpec: '',
125 silly mapToRegistry   spec: 'latest',
125 silly mapToRegistry   type: 'tag'
125 silly mapToRegistry }
126 silly mapToRegistry uri https://registry.npmjs.org/react-apexcharts
127 silly mapToRegistry name react-dom
128 silly mapToRegistry using default registry
129 silly mapToRegistry registry https://registry.npmjs.org/
130 silly mapToRegistry data Result {
130 silly mapToRegistry   raw: 'react-dom',
130 silly mapToRegistry   scope: null,
130 silly mapToRegistry   name: 'react-dom',
130 silly mapToRegistry   rawSpec: '',
130 silly mapToRegistry   spec: 'latest',
130 silly mapToRegistry   type: 'tag'
130 silly mapToRegistry }
131 silly mapToRegistry uri https://registry.npmjs.org/react-dom
132 silly mapToRegistry name react-hook-form
133 silly mapToRegistry using default registry
134 silly mapToRegistry registry https://registry.npmjs.org/
135 silly mapToRegistry data Result {
135 silly mapToRegistry   raw: 'react-hook-form',
135 silly mapToRegistry   scope: null,
135 silly mapToRegistry   name: 'react-hook-form',
135 silly mapToRegistry   rawSpec: '',
135 silly mapToRegistry   spec: 'latest',
135 silly mapToRegistry   type: 'tag'
135 silly mapToRegistry }
136 silly mapToRegistry uri https://registry.npmjs.org/react-hook-form
137 silly mapToRegistry name react-router
138 silly mapToRegistry using default registry
139 silly mapToRegistry registry https://registry.npmjs.org/
140 silly mapToRegistry data Result {
140 silly mapToRegistry   raw: 'react-router',
140 silly mapToRegistry   scope: null,
140 silly mapToRegistry   name: 'react-router',
140 silly mapToRegistry   rawSpec: '',
140 silly mapToRegistry   spec: 'latest',
140 silly mapToRegistry   type: 'tag'
140 silly mapToRegistry }
141 silly mapToRegistry uri https://registry.npmjs.org/react-router
142 silly mapToRegistry name @types/node
143 silly mapToRegistry scope (from package name) @types
144 verbose mapToRegistry no registry URL found in name for scope @types
145 silly mapToRegistry using default registry
146 silly mapToRegistry registry https://registry.npmjs.org/
147 silly mapToRegistry data Result {
147 silly mapToRegistry   raw: '@types/node',
147 silly mapToRegistry   scope: '@types',
147 silly mapToRegistry   name: '@types/node',
147 silly mapToRegistry   rawSpec: '',
147 silly mapToRegistry   spec: 'latest',
147 silly mapToRegistry   type: 'tag'
147 silly mapToRegistry }
148 silly mapToRegistry uri https://registry.npmjs.org/@types%2fnode
149 silly mapToRegistry name @types/react
150 silly mapToRegistry scope (from package name) @types
151 verbose mapToRegistry no registry URL found in name for scope @types
152 silly mapToRegistry using default registry
153 silly mapToRegistry registry https://registry.npmjs.org/
154 silly mapToRegistry data Result {
154 silly mapToRegistry   raw: '@types/react',
154 silly mapToRegistry   scope: '@types',
154 silly mapToRegistry   name: '@types/react',
154 silly mapToRegistry   rawSpec: '',
154 silly mapToRegistry   spec: 'latest',
154 silly mapToRegistry   type: 'tag'
154 silly mapToRegistry }
155 silly mapToRegistry uri https://registry.npmjs.org/@types%2freact
156 silly mapToRegistry name @types/react-dom
157 silly mapToRegistry scope (from package name) @types
158 verbose mapToRegistry no registry URL found in name for scope @types
159 silly mapToRegistry using default registry
160 silly mapToRegistry registry https://registry.npmjs.org/
161 silly mapToRegistry data Result {
161 silly mapToRegistry   raw: '@types/react-dom',
161 silly mapToRegistry   scope: '@types',
161 silly mapToRegistry   name: '@types/react-dom',
161 silly mapToRegistry   rawSpec: '',
161 silly mapToRegistry   spec: 'latest',
161 silly mapToRegistry   type: 'tag'
161 silly mapToRegistry }
162 silly mapToRegistry uri https://registry.npmjs.org/@types%2freact-dom
163 silly mapToRegistry name @typescript-eslint/eslint-plugin
164 silly mapToRegistry scope (from package name) @typescript-eslint
165 verbose mapToRegistry no registry URL found in name for scope @typescript-eslint
166 silly mapToRegistry using default registry
167 silly mapToRegistry registry https://registry.npmjs.org/
168 silly mapToRegistry data Result {
168 silly mapToRegistry   raw: '@typescript-eslint/eslint-plugin',
168 silly mapToRegistry   scope: '@typescript-eslint',
168 silly mapToRegistry   name: '@typescript-eslint/eslint-plugin',
168 silly mapToRegistry   rawSpec: '',
168 silly mapToRegistry   spec: 'latest',
168 silly mapToRegistry   type: 'tag'
168 silly mapToRegistry }
169 silly mapToRegistry uri https://registry.npmjs.org/@typescript-eslint%2feslint-plugin
170 silly mapToRegistry name @typescript-eslint/parser
171 silly mapToRegistry scope (from package name) @typescript-eslint
172 verbose mapToRegistry no registry URL found in name for scope @typescript-eslint
173 silly mapToRegistry using default registry
174 silly mapToRegistry registry https://registry.npmjs.org/
175 silly mapToRegistry data Result {
175 silly mapToRegistry   raw: '@typescript-eslint/parser',
175 silly mapToRegistry   scope: '@typescript-eslint',
175 silly mapToRegistry   name: '@typescript-eslint/parser',
175 silly mapToRegistry   rawSpec: '',
175 silly mapToRegistry   spec: 'latest',
175 silly mapToRegistry   type: 'tag'
175 silly mapToRegistry }
176 silly mapToRegistry uri https://registry.npmjs.org/@typescript-eslint%2fparser
177 silly mapToRegistry name @vitejs/plugin-react
178 silly mapToRegistry scope (from package name) @vitejs
179 verbose mapToRegistry no registry URL found in name for scope @vitejs
180 silly mapToRegistry using default registry
181 silly mapToRegistry registry https://registry.npmjs.org/
182 silly mapToRegistry data Result {
182 silly mapToRegistry   raw: '@vitejs/plugin-react',
182 silly mapToRegistry   scope: '@vitejs',
182 silly mapToRegistry   name: '@vitejs/plugin-react',
182 silly mapToRegistry   rawSpec: '',
182 silly mapToRegistry   spec: 'latest',
182 silly mapToRegistry   type: 'tag'
182 silly mapToRegistry }
183 silly mapToRegistry uri https://registry.npmjs.org/@vitejs%2fplugin-react
184 silly mapToRegistry name eslint
185 silly mapToRegistry using default registry
186 silly mapToRegistry registry https://registry.npmjs.org/
187 silly mapToRegistry data Result {
187 silly mapToRegistry   raw: 'eslint',
187 silly mapToRegistry   scope: null,
187 silly mapToRegistry   name: 'eslint',
187 silly mapToRegistry   rawSpec: '',
187 silly mapToRegistry   spec: 'latest',
187 silly mapToRegistry   type: 'tag'
187 silly mapToRegistry }
188 silly mapToRegistry uri https://registry.npmjs.org/eslint
189 silly mapToRegistry name eslint-plugin-react-hooks
190 silly mapToRegistry using default registry
191 silly mapToRegistry registry https://registry.npmjs.org/
192 silly mapToRegistry data Result {
192 silly mapToRegistry   raw: 'eslint-plugin-react-hooks',
192 silly mapToRegistry   scope: null,
192 silly mapToRegistry   name: 'eslint-plugin-react-hooks',
192 silly mapToRegistry   rawSpec: '',
192 silly mapToRegistry   spec: 'latest',
192 silly mapToRegistry   type: 'tag'
192 silly mapToRegistry }
193 silly mapToRegistry uri https://registry.npmjs.org/eslint-plugin-react-hooks
194 silly mapToRegistry name eslint-plugin-react-refresh
195 silly mapToRegistry using default registry
196 silly mapToRegistry registry https://registry.npmjs.org/
197 silly mapToRegistry data Result {
197 silly mapToRegistry   raw: 'eslint-plugin-react-refresh',
197 silly mapToRegistry   scope: null,
197 silly mapToRegistry   name: 'eslint-plugin-react-refresh',
197 silly mapToRegistry   rawSpec: '',
197 silly mapToRegistry   spec: 'latest',
197 silly mapToRegistry   type: 'tag'
197 silly mapToRegistry }
198 silly mapToRegistry uri https://registry.npmjs.org/eslint-plugin-react-refresh
199 silly mapToRegistry name typescript
200 silly mapToRegistry using default registry
201 silly mapToRegistry registry https://registry.npmjs.org/
202 silly mapToRegistry data Result {
202 silly mapToRegistry   raw: 'typescript',
202 silly mapToRegistry   scope: null,
202 silly mapToRegistry   name: 'typescript',
202 silly mapToRegistry   rawSpec: '',
202 silly mapToRegistry   spec: 'latest',
202 silly mapToRegistry   type: 'tag'
202 silly mapToRegistry }
203 silly mapToRegistry uri https://registry.npmjs.org/typescript
204 silly mapToRegistry name vite
205 silly mapToRegistry using default registry
206 silly mapToRegistry registry https://registry.npmjs.org/
207 silly mapToRegistry data Result {
207 silly mapToRegistry   raw: 'vite',
207 silly mapToRegistry   scope: null,
207 silly mapToRegistry   name: 'vite',
207 silly mapToRegistry   rawSpec: '',
207 silly mapToRegistry   spec: 'latest',
207 silly mapToRegistry   type: 'tag'
207 silly mapToRegistry }
208 silly mapToRegistry uri https://registry.npmjs.org/vite
209 verbose request uri https://registry.npmjs.org/@emotion%2freact
210 verbose request no auth needed
211 info attempt registry request try #1 at 5:28:55 AM
212 verbose request id 7b3e4d0619bf7103
213 verbose etag W/"0d4436e32a72be35d084c20507af08fc"
214 verbose lastModified Mon, 09 Dec 2024 08:43:29 GMT
215 http request GET https://registry.npmjs.org/@emotion%2freact
216 verbose request uri https://registry.npmjs.org/@emotion%2fstyled
217 verbose request no auth needed
218 info attempt registry request try #1 at 5:28:55 AM
219 verbose etag W/"29476af27eca5bc31d38281eea9d39f6"
220 verbose lastModified Mon, 09 Dec 2024 08:43:29 GMT
221 http request GET https://registry.npmjs.org/@emotion%2fstyled
222 verbose request uri https://registry.npmjs.org/@refinedev%2fcli
223 verbose request no auth needed
224 info attempt registry request try #1 at 5:28:55 AM
225 verbose etag W/"e4a92c200a21e48ed0ac4a16094bcd3c"
226 verbose lastModified Fri, 13 Dec 2024 09:45:39 GMT
227 http request GET https://registry.npmjs.org/@refinedev%2fcli
228 verbose request uri https://registry.npmjs.org/@refinedev%2fdevtools
229 verbose request no auth needed
230 info attempt registry request try #1 at 5:28:55 AM
231 verbose etag W/"63bfb093a8fee04c666aefc368ed5ca8"
232 verbose lastModified Fri, 13 Dec 2024 09:45:29 GMT
233 http request GET https://registry.npmjs.org/@refinedev%2fdevtools
234 verbose request uri https://registry.npmjs.org/@refinedev%2fcore
235 verbose request no auth needed
236 info attempt registry request try #1 at 5:28:55 AM
237 verbose etag W/"0a45b9066193f42a4f76514bd07ffba5"
238 verbose lastModified Fri, 13 Dec 2024 09:46:01 GMT
239 http request GET https://registry.npmjs.org/@refinedev%2fcore
240 verbose request uri https://registry.npmjs.org/@refinedev%2fmui
241 verbose request no auth needed
242 info attempt registry request try #1 at 5:28:55 AM
243 verbose etag W/"827424a04bc4d737d1e01e6813bd2c76"
244 verbose lastModified Fri, 13 Dec 2024 09:47:46 GMT
245 http request GET https://registry.npmjs.org/@refinedev%2fmui
246 verbose request uri https://registry.npmjs.org/@refinedev%2fkbar
247 verbose request no auth needed
248 info attempt registry request try #1 at 5:28:55 AM
249 verbose etag W/"3d6019a6a8d5aad8e102ce799ccccf7b"
250 verbose lastModified Fri, 13 Dec 2024 09:46:09 GMT
251 http request GET https://registry.npmjs.org/@refinedev%2fkbar
252 verbose request uri https://registry.npmjs.org/@refinedev%2freact-hook-form
253 verbose request no auth needed
254 info attempt registry request try #1 at 5:28:55 AM
255 verbose etag W/"43e28ea7a0c6e1d692a496a33d4367af"
256 verbose lastModified Fri, 13 Dec 2024 09:46:30 GMT
257 http request GET https://registry.npmjs.org/@refinedev%2freact-hook-form
258 verbose request uri https://registry.npmjs.org/@refinedev%2freact-router
259 verbose request no auth needed
260 info attempt registry request try #1 at 5:28:55 AM
261 verbose etag W/"7cecd0c89fce0b1dbe5682301685a8c5"
262 verbose lastModified Fri, 13 Dec 2024 09:46:36 GMT
263 http request GET https://registry.npmjs.org/@refinedev%2freact-router
264 verbose request uri https://registry.npmjs.org/client
265 verbose request no auth needed
266 info attempt registry request try #1 at 5:28:55 AM
267 verbose etag W/"af5bc000a9ca8141fab7a1976fcd6d02"
268 verbose lastModified Fri, 22 Jul 2022 08:28:25 GMT
269 http request GET https://registry.npmjs.org/client
270 verbose request uri https://registry.npmjs.org/@mui%2ficons-material
271 verbose request no auth needed
272 info attempt registry request try #1 at 5:28:55 AM
273 verbose etag W/"0deb21586d4cf6f7ab4888ee20ef98c1"
274 verbose lastModified Tue, 17 Dec 2024 13:40:49 GMT
275 http request GET https://registry.npmjs.org/@mui%2ficons-material
276 verbose request uri https://registry.npmjs.org/react-apexcharts
277 verbose request no auth needed
278 info attempt registry request try #1 at 5:28:55 AM
279 verbose etag W/"2e01f14c78f502991348de06fa39742b"
280 verbose lastModified Wed, 04 Dec 2024 10:06:59 GMT
281 http request GET https://registry.npmjs.org/react-apexcharts
282 verbose request uri https://registry.npmjs.org/@refinedev%2fsimple-rest
283 verbose request no auth needed
284 info attempt registry request try #1 at 5:28:55 AM
285 verbose etag W/"8e120b8d7fdf966d37b2234a09315a4d"
286 verbose lastModified Fri, 13 Dec 2024 09:46:48 GMT
287 http request GET https://registry.npmjs.org/@refinedev%2fsimple-rest
288 verbose request uri https://registry.npmjs.org/@types%2freact-dom
289 verbose request no auth needed
290 info attempt registry request try #1 at 5:28:55 AM
291 verbose etag W/"a5a4c39687f302c7802e5559b59158b2"
292 verbose lastModified Wed, 11 Dec 2024 02:54:17 GMT
293 http request GET https://registry.npmjs.org/@types%2freact-dom
294 verbose request uri https://registry.npmjs.org/@vitejs%2fplugin-react
295 verbose request no auth needed
296 info attempt registry request try #1 at 5:28:55 AM
297 verbose etag W/"b434da6c4b0fea8d3caa37e54dc969e5"
298 verbose lastModified Tue, 26 Nov 2024 11:04:01 GMT
299 http request GET https://registry.npmjs.org/@vitejs%2fplugin-react
300 verbose request uri https://registry.npmjs.org/eslint-plugin-react-refresh
301 verbose request no auth needed
302 info attempt registry request try #1 at 5:28:55 AM
303 verbose etag W/"c870ea9bc8c7fb7ee9f3a7551f55f603"
304 verbose lastModified Mon, 02 Dec 2024 11:39:38 GMT
305 http request GET https://registry.npmjs.org/eslint-plugin-react-refresh
306 verbose request uri https://registry.npmjs.org/@mui%2fmaterial
307 verbose request no auth needed
308 info attempt registry request try #1 at 5:28:55 AM
309 verbose etag W/"c07b663d96409e4a58fe949243e1676c"
310 verbose lastModified Tue, 17 Dec 2024 13:40:33 GMT
311 http request GET https://registry.npmjs.org/@mui%2fmaterial
312 verbose request uri https://registry.npmjs.org/@mui%2flab
313 verbose request no auth needed
314 info attempt registry request try #1 at 5:28:56 AM
315 verbose etag W/"116fa870b54034bd3cbcbe4ba81c493b"
316 verbose lastModified Tue, 17 Dec 2024 13:40:52 GMT
317 http request GET https://registry.npmjs.org/@mui%2flab
318 verbose request uri https://registry.npmjs.org/@mui%2fx-data-grid
319 verbose request no auth needed
320 info attempt registry request try #1 at 5:28:56 AM
321 verbose etag W/"2b1198622f4f9c8e9fbeacb603c33e33"
322 verbose lastModified Thu, 19 Dec 2024 13:42:26 GMT
323 http request GET https://registry.npmjs.org/@mui%2fx-data-grid
324 verbose request uri https://registry.npmjs.org/axios
325 verbose request no auth needed
326 info attempt registry request try #1 at 5:28:56 AM
327 verbose etag W/"914b551629b7f868035c319d8e8d3418"
328 verbose lastModified Wed, 04 Dec 2024 07:38:18 GMT
329 http request GET https://registry.npmjs.org/axios
330 verbose request uri https://registry.npmjs.org/react-router
331 verbose request no auth needed
332 info attempt registry request try #1 at 5:28:56 AM
333 verbose etag W/"27a19d6d5a101ada9d87ce2c658afeea"
334 verbose lastModified Thu, 19 Dec 2024 07:07:44 GMT
335 http request GET https://registry.npmjs.org/react-router
336 verbose request uri https://registry.npmjs.org/eslint
337 verbose request no auth needed
338 info attempt registry request try #1 at 5:28:56 AM
339 verbose etag W/"df150973b35e18b63b7b88ae57d7157f"
340 verbose lastModified Fri, 13 Dec 2024 21:29:36 GMT
341 http request GET https://registry.npmjs.org/eslint
342 verbose request uri https://registry.npmjs.org/@types%2freact
343 verbose request no auth needed
344 info attempt registry request try #1 at 5:28:56 AM
345 verbose etag W/"d4fd24008829502f6a4add7d0d609982"
346 verbose lastModified Fri, 20 Dec 2024 01:29:32 GMT
347 http request GET https://registry.npmjs.org/@types%2freact
348 verbose request uri https://registry.npmjs.org/apexcharts
349 verbose request no auth needed
350 info attempt registry request try #1 at 5:28:56 AM
351 verbose etag W/"4227211be315615a40dd56d8e3d54b7b"
352 verbose lastModified Thu, 19 Dec 2024 16:32:02 GMT
353 http request GET https://registry.npmjs.org/apexcharts
354 verbose request uri https://registry.npmjs.org/react
355 verbose request no auth needed
356 info attempt registry request try #1 at 5:28:56 AM
357 verbose etag W/"d9ecb99861b7446a2491eaeff3d2b991"
358 verbose lastModified Thu, 19 Dec 2024 19:58:41 GMT
359 http request GET https://registry.npmjs.org/react
360 verbose request uri https://registry.npmjs.org/eslint-plugin-react-hooks
361 verbose request no auth needed
362 info attempt registry request try #1 at 5:28:56 AM
363 verbose etag W/"9dc2ac1dc816eb8904dd721293814604"
364 verbose lastModified Thu, 19 Dec 2024 19:58:34 GMT
365 http request GET https://registry.npmjs.org/eslint-plugin-react-hooks
366 verbose request uri https://registry.npmjs.org/react-dom
367 verbose request no auth needed
368 info attempt registry request try #1 at 5:28:56 AM
369 verbose etag W/"8e17b5f45a7932a2eb35c3709ccb42ab"
370 verbose lastModified Thu, 19 Dec 2024 19:58:49 GMT
371 http request GET https://registry.npmjs.org/react-dom
372 verbose request uri https://registry.npmjs.org/@types%2fnode
373 verbose request no auth needed
374 info attempt registry request try #1 at 5:28:57 AM
375 verbose etag W/"cf82ec3d686d4350545d25b6bf02b612"
376 verbose lastModified Wed, 11 Dec 2024 09:35:59 GMT
377 http request GET https://registry.npmjs.org/@types%2fnode
378 verbose request uri https://registry.npmjs.org/@typescript-eslint%2fparser
379 verbose request no auth needed
380 info attempt registry request try #1 at 5:28:57 AM
381 verbose etag W/"bc6129918ae7a5f919bc377fd73ad84e"
382 verbose lastModified Tue, 17 Dec 2024 12:27:57 GMT
383 http request GET https://registry.npmjs.org/@typescript-eslint%2fparser
384 verbose request uri https://registry.npmjs.org/typescript
385 verbose request no auth needed
386 info attempt registry request try #1 at 5:28:57 AM
387 verbose etag W/"f696ef814cc68f5ccb75e5d51749e6af"
388 verbose lastModified Thu, 19 Dec 2024 07:16:08 GMT
389 http request GET https://registry.npmjs.org/typescript
390 verbose request uri https://registry.npmjs.org/@typescript-eslint%2feslint-plugin
391 verbose request no auth needed
392 info attempt registry request try #1 at 5:28:57 AM
393 verbose etag W/"0c958595c39cdb54afff08630136e619"
394 verbose lastModified Tue, 17 Dec 2024 12:28:11 GMT
395 http request GET https://registry.npmjs.org/@typescript-eslint%2feslint-plugin
396 http 200 https://registry.npmjs.org/eslint-plugin-react-refresh
397 verbose headers {
397 verbose headers   date: 'Fri, 20 Dec 2024 23:58:55 GMT',
397 verbose headers   'content-type': 'application/json',
397 verbose headers   'transfer-encoding': 'chunked',
397 verbose headers   connection: 'keep-alive',
397 verbose headers   'cf-ray': '8f53954edb695132-CMB',
397 verbose headers   'cf-cache-status': 'HIT',
397 verbose headers   'access-control-allow-origin': '*',
397 verbose headers   'cache-control': 'public, max-age=300',
397 verbose headers   etag: 'W/"c870ea9bc8c7fb7ee9f3a7551f55f603"',
397 verbose headers   'last-modified': 'Mon, 02 Dec 2024 11:39:38 GMT',
397 verbose headers   vary: 'accept-encoding, accept',
397 verbose headers   server: 'cloudflare',
397 verbose headers   'content-encoding': 'gzip'
397 verbose headers }
398 silly get cb [
398 silly get   200,
398 silly get   {
398 silly get     date: 'Fri, 20 Dec 2024 23:58:55 GMT',
398 silly get     'content-type': 'application/json',
398 silly get     'transfer-encoding': 'chunked',
398 silly get     connection: 'keep-alive',
398 silly get     'cf-ray': '8f53954edb695132-CMB',
398 silly get     'cf-cache-status': 'HIT',
398 silly get     'access-control-allow-origin': '*',
398 silly get     'cache-control': 'public, max-age=300',
398 silly get     etag: 'W/"c870ea9bc8c7fb7ee9f3a7551f55f603"',
398 silly get     'last-modified': 'Mon, 02 Dec 2024 11:39:38 GMT',
398 silly get     vary: 'accept-encoding, accept',
398 silly get     server: 'cloudflare',
398 silly get     'content-encoding': 'gzip'
398 silly get   }
398 silly get ]
399 verbose get saving eslint-plugin-react-refresh to C:\Users\SATHURJAN\AppData\Local\npm-cache\registry.npmjs.org\eslint-plugin-react-refresh\.cache.json
400 verbose correctMkdir C:\Users\SATHURJAN\AppData\Local\npm-cache correctMkdir not in flight; initializing
401 verbose request uri https://registry.npmjs.org/react-hook-form
402 verbose request no auth needed
403 info attempt registry request try #1 at 5:28:57 AM
404 verbose etag W/"b1b0d10a8e84fce95d999ab02bdaa5e0"
405 verbose lastModified Thu, 12 Dec 2024 22:47:03 GMT
406 http request GET https://registry.npmjs.org/react-hook-form
407 http 200 https://registry.npmjs.org/@types%2freact-dom
408 verbose headers {
408 verbose headers   date: 'Fri, 20 Dec 2024 23:58:55 GMT',
408 verbose headers   'content-type': 'application/json',
408 verbose headers   'transfer-encoding': 'chunked',
408 verbose headers   connection: 'keep-alive',
408 verbose headers   'cf-ray': '8f53954e9fad5137-CMB',
408 verbose headers   'cf-cache-status': 'HIT',
408 verbose headers   'access-control-allow-origin': '*',
408 verbose headers   age: '291',
408 verbose headers   'cache-control': 'public, max-age=300',
408 verbose headers   etag: 'W/"a5a4c39687f302c7802e5559b59158b2"',
408 verbose headers   'last-modified': 'Wed, 11 Dec 2024 02:54:17 GMT',
408 verbose headers   vary: 'accept-encoding, accept',
408 verbose headers   server: 'cloudflare',
408 verbose headers   'content-encoding': 'gzip'
408 verbose headers }
409 silly get cb [
409 silly get   200,
409 silly get   {
409 silly get     date: 'Fri, 20 Dec 2024 23:58:55 GMT',
409 silly get     'content-type': 'application/json',
409 silly get     'transfer-encoding': 'chunked',
409 silly get     connection: 'keep-alive',
409 silly get     'cf-ray': '8f53954e9fad5137-CMB',
409 silly get     'cf-cache-status': 'HIT',
409 silly get     'access-control-allow-origin': '*',
409 silly get     age: '291',
409 silly get     'cache-control': 'public, max-age=300',
409 silly get     etag: 'W/"a5a4c39687f302c7802e5559b59158b2"',
409 silly get     'last-modified': 'Wed, 11 Dec 2024 02:54:17 GMT',
409 silly get     vary: 'accept-encoding, accept',
409 silly get     server: 'cloudflare',
409 silly get     'content-encoding': 'gzip'
409 silly get   }
409 silly get ]
410 verbose get saving @types/react-dom to C:\Users\SATHURJAN\AppData\Local\npm-cache\registry.npmjs.org\_40types_252freact-dom\.cache.json
411 verbose correctMkdir C:\Users\SATHURJAN\AppData\Local\npm-cache correctMkdir not in flight; initializing
412 http 200 https://registry.npmjs.org/@emotion%2freact
413 verbose headers {
413 verbose headers   date: 'Fri, 20 Dec 2024 23:58:56 GMT',
413 verbose headers   'content-type': 'application/json',
413 verbose headers   'transfer-encoding': 'chunked',
413 verbose headers   connection: 'keep-alive',
413 verbose headers   'cf-ray': '8f53954e1b025132-CMB',
413 verbose headers   'cf-cache-status': 'HIT',
413 verbose headers   'access-control-allow-origin': '*',
413 verbose headers   'cache-control': 'public, max-age=300',
413 verbose headers   etag: 'W/"0d4436e32a72be35d084c20507af08fc"',
413 verbose headers   'last-modified': 'Mon, 09 Dec 2024 08:43:29 GMT',
413 verbose headers   vary: 'accept-encoding, accept',
413 verbose headers   server: 'cloudflare',
413 verbose headers   'content-encoding': 'gzip'
413 verbose headers }
414 silly get cb [
414 silly get   200,
414 silly get   {
414 silly get     date: 'Fri, 20 Dec 2024 23:58:56 GMT',
414 silly get     'content-type': 'application/json',
414 silly get     'transfer-encoding': 'chunked',
414 silly get     connection: 'keep-alive',
414 silly get     'cf-ray': '8f53954e1b025132-CMB',
414 silly get     'cf-cache-status': 'HIT',
414 silly get     'access-control-allow-origin': '*',
414 silly get     'cache-control': 'public, max-age=300',
414 silly get     etag: 'W/"0d4436e32a72be35d084c20507af08fc"',
414 silly get     'last-modified': 'Mon, 09 Dec 2024 08:43:29 GMT',
414 silly get     vary: 'accept-encoding, accept',
414 silly get     server: 'cloudflare',
414 silly get     'content-encoding': 'gzip'
414 silly get   }
414 silly get ]
415 verbose get saving @emotion/react to C:\Users\SATHURJAN\AppData\Local\npm-cache\registry.npmjs.org\_40emotion_252freact\.cache.json
416 verbose correctMkdir C:\Users\SATHURJAN\AppData\Local\npm-cache correctMkdir not in flight; initializing
417 http 200 https://registry.npmjs.org/@emotion%2fstyled
418 verbose headers {
418 verbose headers   date: 'Fri, 20 Dec 2024 23:58:56 GMT',
418 verbose headers   'content-type': 'application/json',
418 verbose headers   'transfer-encoding': 'chunked',
418 verbose headers   connection: 'keep-alive',
418 verbose headers   'cf-ray': '8f53954e3d755138-CMB',
418 verbose headers   'cf-cache-status': 'HIT',
418 verbose headers   'access-control-allow-origin': '*',
418 verbose headers   'cache-control': 'public, max-age=300',
418 verbose headers   etag: 'W/"29476af27eca5bc31d38281eea9d39f6"',
418 verbose headers   'last-modified': 'Mon, 09 Dec 2024 08:43:29 GMT',
418 verbose headers   vary: 'accept-encoding, accept',
418 verbose headers   server: 'cloudflare',
418 verbose headers   'content-encoding': 'gzip'
418 verbose headers }
419 silly get cb [
419 silly get   200,
419 silly get   {
419 silly get     date: 'Fri, 20 Dec 2024 23:58:56 GMT',
419 silly get     'content-type': 'application/json',
419 silly get     'transfer-encoding': 'chunked',
419 silly get     connection: 'keep-alive',
419 silly get     'cf-ray': '8f53954e3d755138-CMB',
419 silly get     'cf-cache-status': 'HIT',
419 silly get     'access-control-allow-origin': '*',
419 silly get     'cache-control': 'public, max-age=300',
419 silly get     etag: 'W/"29476af27eca5bc31d38281eea9d39f6"',
419 silly get     'last-modified': 'Mon, 09 Dec 2024 08:43:29 GMT',
419 silly get     vary: 'accept-encoding, accept',
419 silly get     server: 'cloudflare',
419 silly get     'content-encoding': 'gzip'
419 silly get   }
419 silly get ]
420 verbose get saving @emotion/styled to C:\Users\SATHURJAN\AppData\Local\npm-cache\registry.npmjs.org\_40emotion_252fstyled\.cache.json
421 verbose correctMkdir C:\Users\SATHURJAN\AppData\Local\npm-cache correctMkdir not in flight; initializing
422 http 200 https://registry.npmjs.org/@vitejs%2fplugin-react
423 verbose headers {
423 verbose headers   date: 'Fri, 20 Dec 2024 23:58:56 GMT',
423 verbose headers   'content-type': 'application/json',
423 verbose headers   'transfer-encoding': 'chunked',
423 verbose headers   connection: 'keep-alive',
423 verbose headers   'cf-ray': '8f53954e8dd45134-CMB',
423 verbose headers   'cf-cache-status': 'HIT',
423 verbose headers   'access-control-allow-origin': '*',
423 verbose headers   'cache-control': 'public, max-age=300',
423 verbose headers   etag: 'W/"b434da6c4b0fea8d3caa37e54dc969e5"',
423 verbose headers   'last-modified': 'Tue, 26 Nov 2024 11:04:01 GMT',
423 verbose headers   vary: 'accept-encoding, accept',
423 verbose headers   server: 'cloudflare',
423 verbose headers   'content-encoding': 'gzip'
423 verbose headers }
424 silly get cb [
424 silly get   200,
424 silly get   {
424 silly get     date: 'Fri, 20 Dec 2024 23:58:56 GMT',
424 silly get     'content-type': 'application/json',
424 silly get     'transfer-encoding': 'chunked',
424 silly get     connection: 'keep-alive',
424 silly get     'cf-ray': '8f53954e8dd45134-CMB',
424 silly get     'cf-cache-status': 'HIT',
424 silly get     'access-control-allow-origin': '*',
424 silly get     'cache-control': 'public, max-age=300',
424 silly get     etag: 'W/"b434da6c4b0fea8d3caa37e54dc969e5"',
424 silly get     'last-modified': 'Tue, 26 Nov 2024 11:04:01 GMT',
424 silly get     vary: 'accept-encoding, accept',
424 silly get     server: 'cloudflare',
424 silly get     'content-encoding': 'gzip'
424 silly get   }
424 silly get ]
425 verbose get saving @vitejs/plugin-react to C:\Users\SATHURJAN\AppData\Local\npm-cache\registry.npmjs.org\_40vitejs_252fplugin-react\.cache.json
426 verbose correctMkdir C:\Users\SATHURJAN\AppData\Local\npm-cache correctMkdir not in flight; initializing
427 http 200 https://registry.npmjs.org/axios
428 verbose headers {
428 verbose headers   date: 'Fri, 20 Dec 2024 23:58:55 GMT',
428 verbose headers   'content-type': 'application/json',
428 verbose headers   'transfer-encoding': 'chunked',
428 verbose headers   connection: 'keep-alive',
428 verbose headers   'cf-ray': '8f53954eee025134-CMB',
428 verbose headers   'cf-cache-status': 'HIT',
428 verbose headers   'access-control-allow-origin': '*',
428 verbose headers   'cache-control': 'public, max-age=300',
428 verbose headers   etag: 'W/"914b551629b7f868035c319d8e8d3418"',
428 verbose headers   'last-modified': 'Wed, 04 Dec 2024 07:38:18 GMT',
428 verbose headers   vary: 'accept-encoding, accept',
428 verbose headers   server: 'cloudflare',
428 verbose headers   'content-encoding': 'gzip'
428 verbose headers }
429 silly get cb [
429 silly get   200,
429 silly get   {
429 silly get     date: 'Fri, 20 Dec 2024 23:58:55 GMT',
429 silly get     'content-type': 'application/json',
429 silly get     'transfer-encoding': 'chunked',
429 silly get     connection: 'keep-alive',
429 silly get     'cf-ray': '8f53954eee025134-CMB',
429 silly get     'cf-cache-status': 'HIT',
429 silly get     'access-control-allow-origin': '*',
429 silly get     'cache-control': 'public, max-age=300',
429 silly get     etag: 'W/"914b551629b7f868035c319d8e8d3418"',
429 silly get     'last-modified': 'Wed, 04 Dec 2024 07:38:18 GMT',
429 silly get     vary: 'accept-encoding, accept',
429 silly get     server: 'cloudflare',
429 silly get     'content-encoding': 'gzip'
429 silly get   }
429 silly get ]
430 verbose get saving axios to C:\Users\SATHURJAN\AppData\Local\npm-cache\registry.npmjs.org\axios\.cache.json
431 verbose correctMkdir C:\Users\SATHURJAN\AppData\Local\npm-cache correctMkdir not in flight; initializing
432 http 200 https://registry.npmjs.org/@mui%2ficons-material
433 verbose headers {
433 verbose headers   date: 'Fri, 20 Dec 2024 23:58:56 GMT',
433 verbose headers   'content-type': 'application/json',
433 verbose headers   'transfer-encoding': 'chunked',
433 verbose headers   connection: 'keep-alive',
433 verbose headers   'cf-ray': '8f53954e7d895138-CMB',
433 verbose headers   'cf-cache-status': 'HIT',
433 verbose headers   'access-control-allow-origin': '*',
433 verbose headers   'cache-control': 'public, max-age=300',
433 verbose headers   etag: 'W/"0deb21586d4cf6f7ab4888ee20ef98c1"',
433 verbose headers   'last-modified': 'Tue, 17 Dec 2024 13:40:49 GMT',
433 verbose headers   vary: 'accept-encoding, accept',
433 verbose headers   server: 'cloudflare',
433 verbose headers   'content-encoding': 'gzip'
433 verbose headers }
434 silly get cb [
434 silly get   200,
434 silly get   {
434 silly get     date: 'Fri, 20 Dec 2024 23:58:56 GMT',
434 silly get     'content-type': 'application/json',
434 silly get     'transfer-encoding': 'chunked',
434 silly get     connection: 'keep-alive',
434 silly get     'cf-ray': '8f53954e7d895138-CMB',
434 silly get     'cf-cache-status': 'HIT',
434 silly get     'access-control-allow-origin': '*',
434 silly get     'cache-control': 'public, max-age=300',
434 silly get     etag: 'W/"0deb21586d4cf6f7ab4888ee20ef98c1"',
434 silly get     'last-modified': 'Tue, 17 Dec 2024 13:40:49 GMT',
434 silly get     vary: 'accept-encoding, accept',
434 silly get     server: 'cloudflare',
434 silly get     'content-encoding': 'gzip'
434 silly get   }
434 silly get ]
435 verbose get saving @mui/icons-material to C:\Users\SATHURJAN\AppData\Local\npm-cache\registry.npmjs.org\_40mui_252ficons-material\.cache.json
436 verbose correctMkdir C:\Users\SATHURJAN\AppData\Local\npm-cache correctMkdir not in flight; initializing
437 verbose request uri https://registry.npmjs.org/vite
438 verbose request no auth needed
439 info attempt registry request try #1 at 5:28:58 AM
440 verbose etag W/"1152273ec1a5a35a2a43b31b9283cca8"
441 verbose lastModified Thu, 19 Dec 2024 10:02:53 GMT
442 http request GET https://registry.npmjs.org/vite
443 http 200 https://registry.npmjs.org/client
444 verbose headers {
444 verbose headers   date: 'Fri, 20 Dec 2024 23:58:56 GMT',
444 verbose headers   'content-type': 'application/json',
444 verbose headers   'transfer-encoding': 'chunked',
444 verbose headers   connection: 'keep-alive',
444 verbose headers   'cf-ray': '8f53954e6dc15134-CMB',
444 verbose headers   'cf-cache-status': 'REVALIDATED',
444 verbose headers   'access-control-allow-origin': '*',
444 verbose headers   'cache-control': 'public, max-age=300',
444 verbose headers   etag: 'W/"af5bc000a9ca8141fab7a1976fcd6d02"',
444 verbose headers   'last-modified': 'Fri, 22 Jul 2022 08:28:25 GMT',
444 verbose headers   vary: 'accept-encoding, accept',
444 verbose headers   server: 'cloudflare',
444 verbose headers   'content-encoding': 'gzip'
444 verbose headers }
445 silly get cb [
445 silly get   200,
445 silly get   {
445 silly get     date: 'Fri, 20 Dec 2024 23:58:56 GMT',
445 silly get     'content-type': 'application/json',
445 silly get     'transfer-encoding': 'chunked',
445 silly get     connection: 'keep-alive',
445 silly get     'cf-ray': '8f53954e6dc15134-CMB',
445 silly get     'cf-cache-status': 'REVALIDATED',
445 silly get     'access-control-allow-origin': '*',
445 silly get     'cache-control': 'public, max-age=300',
445 silly get     etag: 'W/"af5bc000a9ca8141fab7a1976fcd6d02"',
445 silly get     'last-modified': 'Fri, 22 Jul 2022 08:28:25 GMT',
445 silly get     vary: 'accept-encoding, accept',
445 silly get     server: 'cloudflare',
445 silly get     'content-encoding': 'gzip'
445 silly get   }
445 silly get ]
446 verbose get saving client to C:\Users\SATHURJAN\AppData\Local\npm-cache\registry.npmjs.org\client\.cache.json
447 verbose correctMkdir C:\Users\SATHURJAN\AppData\Local\npm-cache correctMkdir not in flight; initializing
448 http 200 https://registry.npmjs.org/react-apexcharts
449 verbose headers {
449 verbose headers   date: 'Fri, 20 Dec 2024 23:58:56 GMT',
449 verbose headers   'content-type': 'application/json',
449 verbose headers   'transfer-encoding': 'chunked',
449 verbose headers   connection: 'keep-alive',
449 verbose headers   'cf-ray': '8f53954e9b4b5132-CMB',
449 verbose headers   'cf-cache-status': 'REVALIDATED',
449 verbose headers   'access-control-allow-origin': '*',
449 verbose headers   'cache-control': 'public, max-age=300',
449 verbose headers   etag: 'W/"2e01f14c78f502991348de06fa39742b"',
449 verbose headers   'last-modified': 'Wed, 04 Dec 2024 10:06:59 GMT',
449 verbose headers   vary: 'accept-encoding, accept',
449 verbose headers   server: 'cloudflare',
449 verbose headers   'content-encoding': 'gzip'
449 verbose headers }
450 silly get cb [
450 silly get   200,
450 silly get   {
450 silly get     date: 'Fri, 20 Dec 2024 23:58:56 GMT',
450 silly get     'content-type': 'application/json',
450 silly get     'transfer-encoding': 'chunked',
450 silly get     connection: 'keep-alive',
450 silly get     'cf-ray': '8f53954e9b4b5132-CMB',
450 silly get     'cf-cache-status': 'REVALIDATED',
450 silly get     'access-control-allow-origin': '*',
450 silly get     'cache-control': 'public, max-age=300',
450 silly get     etag: 'W/"2e01f14c78f502991348de06fa39742b"',
450 silly get     'last-modified': 'Wed, 04 Dec 2024 10:06:59 GMT',
450 silly get     vary: 'accept-encoding, accept',
450 silly get     server: 'cloudflare',
450 silly get     'content-encoding': 'gzip'
450 silly get   }
450 silly get ]
451 verbose get saving react-apexcharts to C:\Users\SATHURJAN\AppData\Local\npm-cache\registry.npmjs.org\react-apexcharts\.cache.json
452 verbose correctMkdir C:\Users\SATHURJAN\AppData\Local\npm-cache correctMkdir not in flight; initializing
453 http 200 https://registry.npmjs.org/react-router
454 verbose headers {
454 verbose headers   date: 'Fri, 20 Dec 2024 23:58:55 GMT',
454 verbose headers   'content-type': 'application/json',
454 verbose headers   'transfer-encoding': 'chunked',
454 verbose headers   connection: 'keep-alive',
454 verbose headers   'cf-ray': '8f53954eee045134-CMB',
454 verbose headers   'cf-cache-status': 'HIT',
454 verbose headers   'access-control-allow-origin': '*',
454 verbose headers   age: '148',
454 verbose headers   'cache-control': 'public, max-age=300',
454 verbose headers   etag: 'W/"442bb5cc768ac6a1a8363bf73224d8aa"',
454 verbose headers   'last-modified': 'Fri, 20 Dec 2024 21:58:37 GMT',
454 verbose headers   vary: 'accept-encoding, accept',
454 verbose headers   server: 'cloudflare',
454 verbose headers   'content-encoding': 'gzip'
454 verbose headers }
455 silly get cb [
455 silly get   200,
455 silly get   {
455 silly get     date: 'Fri, 20 Dec 2024 23:58:55 GMT',
455 silly get     'content-type': 'application/json',
455 silly get     'transfer-encoding': 'chunked',
455 silly get     connection: 'keep-alive',
455 silly get     'cf-ray': '8f53954eee045134-CMB',
455 silly get     'cf-cache-status': 'HIT',
455 silly get     'access-control-allow-origin': '*',
455 silly get     age: '148',
455 silly get     'cache-control': 'public, max-age=300',
455 silly get     etag: 'W/"442bb5cc768ac6a1a8363bf73224d8aa"',
455 silly get     'last-modified': 'Fri, 20 Dec 2024 21:58:37 GMT',
455 silly get     vary: 'accept-encoding, accept',
455 silly get     server: 'cloudflare',
455 silly get     'content-encoding': 'gzip'
455 silly get   }
455 silly get ]
456 verbose get saving react-router to C:\Users\SATHURJAN\AppData\Local\npm-cache\registry.npmjs.org\react-router\.cache.json
457 verbose correctMkdir C:\Users\SATHURJAN\AppData\Local\npm-cache correctMkdir not in flight; initializing
458 silly cache add args [ 'client', 'file:' ]
459 verbose cache add spec client@file:
460 verbose stack TypeError [ERR_INVALID_ARG_TYPE]: The "paths[1]" argument must be of type string. Received null
460 verbose stack     at Object.resolve (node:path:198:9)
460 verbose stack     at module.exports (C:\Users\SATHURJAN\node_modules\npm\node_modules\realize-package-specifier\index.js:19:23)
460 verbose stack     at add (C:\Users\SATHURJAN\node_modules\npm\lib\cache.js:279:3)
460 verbose stack     at cache.add (C:\Users\SATHURJAN\node_modules\npm\lib\cache.js:235:10)
460 verbose stack     at updateDeps (C:\Users\SATHURJAN\node_modules\npm\lib\outdated.js:374:11)
460 verbose stack     at saved (C:\Users\SATHURJAN\node_modules\npm\lib\cache\caching-client.js:173:7)
460 verbose stack     at C:\Users\SATHURJAN\node_modules\npm\node_modules\graceful-fs\polyfills.js:233:18
460 verbose stack     at FSReqCallback.oncomplete (node:fs:187:23)
461 verbose cwd C:\Users\SATHURJAN\Desktop\refine-dashboard\client
462 error Windows_NT 10.0.19045
463 error argv "C:\\Program Files\\nodejs\\node.exe" "C:\\Users\\SATHURJAN\\node_modules\\npm\\bin\\npm-cli.js" "outdated" "--json"
464 error node v22.12.0
465 error npm  v2.15.12
466 error code ERR_INVALID_ARG_TYPE
467 error The "paths[1]" argument must be of type string. Received null
468 error If you need help, you may report this error at:
468 error     <https://github.com/npm/npm/issues>
469 verbose exit [ 1, true ]
